# JRE version: Java(TM) SE Runtime Environment (8.0_191-b12) (build 1.8.0_191-b12)
# Java VM: Java HotSpot(TM) 64-Bit Server VM (25.191-b12 mixed mode linux-amd64 compressed oops)
Heap:
 PSYoungGen      total 166400K, used 0K [0x000000078c380000, 0x000000079b500000, 0x00000007c0000000)
  eden space 148992K, 0% used [0x000000078c380000,0x000000078c380000,0x0000000795500000)
  from space 17408K, 0% used [0x0000000795500000,0x0000000795500000,0x0000000796600000)
  to   space 17408K, 0% used [0x000000079a400000,0x000000079a400000,0x000000079b500000)
 ParOldGen       total 228352K, used 26315K [0x0000000724a00000, 0x0000000732900000, 0x000000078c380000)
  object space 228352K, 11% used [0x0000000724a00000,0x00000007263b2d20,0x0000000732900000)
 Metaspace       used 34606K, capacity 36354K, committed 36480K, reserved 1081344K
  class space    used 4642K, capacity 4961K, committed 4992K, reserved 1048576K
GC Heap History (10 events):
Event: 14.663 GC heap before
{Heap before GC invocations=6 (full 1):
 PSYoungGen      total 115200K, used 108978K [0x000000078c380000, 0x0000000796c80000, 0x00000007c0000000)
  eden space 108544K, 94% used [0x000000078c380000,0x000000079276d890,0x0000000792d80000)
  from space 6656K, 99% used [0x0000000796600000,0x0000000796c7f2d0,0x0000000796c80000)
  to   space 6656K, 0% used [0x0000000795f80000,0x0000000795f80000,0x0000000796600000)
 ParOldGen       total 76800K, used 10246K [0x0000000724a00000, 0x0000000729500000, 0x000000078c380000)
  object space 76800K, 13% used [0x0000000724a00000,0x0000000725401a40,0x0000000729500000)
 Metaspace       used 33790K, capacity 35480K, committed 35496K, reserved 1079296K
  class space    used 4517K, capacity 4848K, committed 4864K, reserved 1048576K
Event: 14.678 GC heap after
Heap after GC invocations=6 (full 1):
 PSYoungGen      total 147456K, used 6628K [0x000000078c380000, 0x0000000796a00000, 0x00000007c0000000)
  eden space 140800K, 0% used [0x000000078c380000,0x000000078c380000,0x0000000794d00000)
  from space 6656K, 99% used [0x0000000795f80000,0x00000007965f90e0,0x0000000796600000)
  to   space 4096K, 0% used [0x0000000796600000,0x0000000796600000,0x0000000796a00000)
 ParOldGen       total 76800K, used 18045K [0x0000000724a00000, 0x0000000729500000, 0x000000078c380000)
  object space 76800K, 23% used [0x0000000724a00000,0x0000000725b9f5c8,0x0000000729500000)
 Metaspace       used 33790K, capacity 35480K, committed 35496K, reserved 1079296K
  class space    used 4517K, capacity 4848K, committed 4864K, reserved 1048576K
}
Event: 14.678 GC heap before
{Heap before GC invocations=7 (full 2):
 PSYoungGen      total 147456K, used 6628K [0x000000078c380000, 0x0000000796a00000, 0x00000007c0000000)
  eden space 140800K, 0% used [0x000000078c380000,0x000000078c380000,0x0000000794d00000)
  from space 6656K, 99% used [0x0000000795f80000,0x00000007965f90e0,0x0000000796600000)
  to   space 4096K, 0% used [0x0000000796600000,0x0000000796600000,0x0000000796a00000)
 ParOldGen       total 76800K, used 18045K [0x0000000724a00000, 0x0000000729500000, 0x000000078c380000)
  object space 76800K, 23% used [0x0000000724a00000,0x0000000725b9f5c8,0x0000000729500000)
 Metaspace       used 33790K, capacity 35480K, committed 35496K, reserved 1079296K
  class space    used 4517K, capacity 4848K, committed 4864K, reserved 1048576K
Event: 14.759 GC heap after
Heap after GC invocations=7 (full 2):
 PSYoungGen      total 147456K, used 0K [0x000000078c380000, 0x0000000796a00000, 0x00000007c0000000)
  eden space 140800K, 0% used [0x000000078c380000,0x000000078c380000,0x0000000794d00000)
  from space 6656K, 0% used [0x0000000795f80000,0x0000000795f80000,0x0000000796600000)
  to   space 4096K, 0% used [0x0000000796600000,0x0000000796600000,0x0000000796a00000)
 ParOldGen       total 128000K, used 18240K [0x0000000724a00000, 0x000000072c700000, 0x000000078c380000)
  object space 128000K, 14% used [0x0000000724a00000,0x0000000725bd01a8,0x000000072c700000)
 Metaspace       used 33790K, capacity 35480K, committed 35496K, reserved 1079296K
  class space    used 4517K, capacity 4848K, committed 4864K, reserved 1048576K
}
Event: 203.728 GC heap before
{Heap before GC invocations=8 (full 2):
 PSYoungGen      total 147456K, used 25113K [0x000000078c380000, 0x0000000796a00000, 0x00000007c0000000)
  eden space 140800K, 17% used [0x000000078c380000,0x000000078dc064f0,0x0000000794d00000)
  from space 6656K, 0% used [0x0000000795f80000,0x0000000795f80000,0x0000000796600000)
  to   space 4096K, 0% used [0x0000000796600000,0x0000000796600000,0x0000000796a00000)
 ParOldGen       total 1697280K, used 1384605K [0x0000000724a00000, 0x000000078c380000, 0x000000078c380000)
  object space 1697280K, 81% used [0x0000000724a00000,0x0000000779227430,0x000000078c380000)
 Metaspace       used 34606K, capacity 36354K, committed 36480K, reserved 1081344K
  class space    used 4642K, capacity 4961K, committed 4992K, reserved 1048576K
Event: 205.673 GC heap after
Heap after GC invocations=8 (full 2):
 PSYoungGen      total 153088K, used 4096K [0x000000078c380000, 0x000000079a200000, 0x00000007c0000000)
  eden space 148992K, 0% used [0x000000078c380000,0x000000078c380000,0x0000000795500000)
  from space 4096K, 100% used [0x0000000796600000,0x0000000796a00000,0x0000000796a00000)
  to   space 17408K, 0% used [0x0000000795500000,0x0000000795500000,0x0000000796600000)
 ParOldGen       total 1697280K, used 1395571K [0x0000000724a00000, 0x000000078c380000, 0x000000078c380000)
  object space 1697280K, 82% used [0x0000000724a00000,0x0000000779cdcc08,0x000000078c380000)
 Metaspace       used 34606K, capacity 36354K, committed 36480K, reserved 1081344K
  class space    used 4642K, capacity 4961K, committed 4992K, reserved 1048576K
}
Event: 205.767 GC heap before
{Heap before GC invocations=9 (full 2):
 PSYoungGen      total 153088K, used 4096K [0x000000078c380000, 0x000000079a200000, 0x00000007c0000000)
  eden space 148992K, 0% used [0x000000078c380000,0x000000078c380000,0x0000000795500000)
  from space 4096K, 100% used [0x0000000796600000,0x0000000796a00000,0x0000000796a00000)
  to   space 17408K, 0% used [0x0000000795500000,0x0000000795500000,0x0000000796600000)
 ParOldGen       total 1697280K, used 1395571K [0x0000000724a00000, 0x000000078c380000, 0x000000078c380000)
  object space 1697280K, 82% used [0x0000000724a00000,0x0000000779cdcc08,0x000000078c380000)
 Metaspace       used 34606K, capacity 36354K, committed 36480K, reserved 1081344K
  class space    used 4642K, capacity 4961K, committed 4992K, reserved 1048576K
Event: 205.775 GC heap after
Heap after GC invocations=9 (full 2):
 PSYoungGen      total 166400K, used 4128K [0x000000078c380000, 0x000000079b500000, 0x00000007c0000000)
  eden space 148992K, 0% used [0x000000078c380000,0x000000078c380000,0x0000000795500000)
  from space 17408K, 23% used [0x0000000795500000,0x0000000795908000,0x0000000796600000)
  to   space 17408K, 0% used [0x000000079a400000,0x000000079a400000,0x000000079b500000)
 ParOldGen       total 1697280K, used 1395571K [0x0000000724a00000, 0x000000078c380000, 0x000000078c380000)
  object space 1697280K, 82% used [0x0000000724a00000,0x0000000779cdcc08,0x000000078c380000)
 Metaspace       used 34606K, capacity 36354K, committed 36480K, reserved 1081344K
  class space    used 4642K, capacity 4961K, committed 4992K, reserved 1048576K
}
Event: 205.775 GC heap before
{Heap before GC invocations=10 (full 3):
 PSYoungGen      total 166400K, used 4128K [0x000000078c380000, 0x000000079b500000, 0x00000007c0000000)
  eden space 148992K, 0% used [0x000000078c380000,0x000000078c380000,0x0000000795500000)
  from space 17408K, 23% used [0x0000000795500000,0x0000000795908000,0x0000000796600000)
  to   space 17408K, 0% used [0x000000079a400000,0x000000079a400000,0x000000079b500000)
 ParOldGen       total 1697280K, used 1395571K [0x0000000724a00000, 0x000000078c380000, 0x000000078c380000)
  object space 1697280K, 82% used [0x0000000724a00000,0x0000000779cdcc08,0x000000078c380000)
 Metaspace       used 34606K, capacity 36354K, committed 36480K, reserved 1081344K
  class space    used 4642K, capacity 4961K, committed 4992K, reserved 1048576K
Event: 207.785 GC heap after
Heap after GC invocations=10 (full 3):
 PSYoungGen      total 166400K, used 0K [0x000000078c380000, 0x000000079b500000, 0x00000007c0000000)
  eden space 148992K, 0% used [0x000000078c380000,0x000000078c380000,0x0000000795500000)
  from space 17408K, 0% used [0x0000000795500000,0x0000000795500000,0x0000000796600000)
  to   space 17408K, 0% used [0x000000079a400000,0x000000079a400000,0x000000079b500000)
 ParOldGen       total 228352K, used 26315K [0x0000000724a00000, 0x0000000732900000, 0x000000078c380000)
  object space 228352K, 11% used [0x0000000724a00000,0x00000007263b2d20,0x0000000732900000)
 Metaspace       used 34606K, capacity 36354K, committed 36480K, reserved 1081344K
  class space    used 4642K, capacity 4961K, committed 4992K, reserved 1048576K
}

